[INFO ] 2017-01-10 14:52:08,653 com.ibs.core.module.payment.biz.impl.CorPaymentBizImpl.setExcelService(CorPaymentBizImpl.java:311) >>> entering action::CorPaymentBizImpl.setExcelService()... 
[INFO ] 2017-01-10 14:52:09,331 com.ibs.core.module.account.biz.impl.CorAccountDtlBizImpl.setCorAccountDtlDao(CorAccountDtlBizImpl.java:171) >>> entering action::CorAccountDtlBizImpl.setCorAccountDtlDao()... 
[INFO ] 2017-01-10 14:52:09,755 com.ibs.core.module.payment.biz.impl.CorPaymentBizImpl.setCorPaymentDao(CorPaymentBizImpl.java:301) >>> entering action::CorPaymentBizImpl.setCorPaymentDao()... 
[INFO ] 2017-01-10 14:52:09,756 com.ibs.core.module.payment.biz.impl.CorPaymentBizImpl.setExcelService(CorPaymentBizImpl.java:311) >>> entering action::CorPaymentBizImpl.setExcelService()... 
[INFO ] 2017-01-10 14:52:11,525 com.ibs.core.module.mdmbasedata.biz.impl.PblSchedulerSettingBizImpl.setPblSchedulerSettingDao(PblSchedulerSettingBizImpl.java:72) >>> entering action::PblSchedulerSettingBizImpl.setPblSchedulerSettingDao()... 
[INFO ] 2017-01-10 14:52:11,525 com.ibs.core.module.mdmbasedata.biz.impl.PblSchedulerSettingBizImpl.setExcelService(PblSchedulerSettingBizImpl.java:82) >>> entering action::PblSchedulerSettingBizImpl.setExcelService()... 
[INFO ] 2017-01-10 14:52:12,429 com.ibs.core.module.fundchannel.biz.impl.CorFundTransBizImpl.setCorFundTransDao(CorFundTransBizImpl.java:157) >>> entering action::CorFundTransBizImpl.setCorFundTransDao()... 
[INFO ] 2017-01-10 14:52:12,430 com.ibs.core.module.fundchannel.biz.impl.CorFundTransBizImpl.setExcelService(CorFundTransBizImpl.java:167) >>> entering action::CorFundTransBizImpl.setExcelService()... 
[INFO ] 2017-01-10 14:52:12,522 com.ibs.core.module.fundchannel.biz.impl.CorFundChannelBankBizImpl.setCorFundChannelBankDao(CorFundChannelBankBizImpl.java:121) >>> entering action::CorFundChannelBankBizImpl.setCorFundChannelBankDao()... 
[INFO ] 2017-01-10 14:52:12,522 com.ibs.core.module.fundchannel.biz.impl.CorFundChannelBankBizImpl.setExcelService(CorFundChannelBankBizImpl.java:131) >>> entering action::CorFundChannelBankBizImpl.setExcelService()... 
[INFO ] 2017-01-10 14:52:12,778 com.ibs.core.module.mclearing.biz.impl.CorMertStatementBizImpl.setCorMertStatementDao(CorMertStatementBizImpl.java:162) >>> entering biz::CorMertStatementBizImpl.setCorMertStatementDao()... 
[INFO ] 2017-01-10 15:00:29,622 com.ibs.core.module.customer.action.CustCompanyManagerAction.getDictRenders(CustCompanyManagerAction.java:337) >>> getDictRenders() FFFFFFFFFFFF---初次加载数据字典 
[WARN ] 2017-01-10 15:00:30,631 com.ibs.core.module.mdmbasedata.service.impl.DataDictServiceImpl.getDataDictCached(DataDictServiceImpl.java:189) >>> can not get DataDict Cache from CacheManager 
[WARN ] 2017-01-10 15:00:32,004 com.ibs.core.module.mdmbasedata.service.impl.DataDictServiceImpl.getDataDictCached(DataDictServiceImpl.java:189) >>> can not get DataDict Cache from CacheManager 
[WARN ] 2017-01-10 15:00:33,298 com.ibs.core.module.mdmbasedata.service.impl.DataDictServiceImpl.getDataDictCached(DataDictServiceImpl.java:189) >>> can not get DataDict Cache from CacheManager 
[WARN ] 2017-01-10 15:00:37,103 com.ibs.core.module.mdmbasedata.service.impl.DataDictServiceImpl.getDataDictCached(DataDictServiceImpl.java:189) >>> can not get DataDict Cache from CacheManager 
[WARN ] 2017-01-10 15:00:38,866 com.ibs.core.module.mdmbasedata.service.impl.DataDictServiceImpl.getDataDictCached(DataDictServiceImpl.java:189) >>> can not get DataDict Cache from CacheManager 
[INFO ] 2017-01-10 15:00:51,622 com.ibs.core.module.customer.action.CustCompanyManagerAction.getDictRenders(CustCompanyManagerAction.java:334) >>> getDictRenders() HHHHHHHHHHHH---已经加载过数据字典 
[INFO ] 2017-01-10 15:01:12,001 com.ibs.core.module.customer.action.CustCompanyManagerAction.setQueryCondition(CustCompanyManagerAction.java:431) >>> CustCompanyManagerAction  查询参数：=====CustCompanyDto [custCode=, localName=null, unitType=, socialCreditId=, businessLicense=, startCreateTime=, endCreateTime=2017-01-10 23:59:59, status=] 
[INFO ] 2017-01-10 15:02:35,536 com.ibs.core.module.customer.action.CustCompanyManagerAction.setQueryCondition(CustCompanyManagerAction.java:431) >>> CustCompanyManagerAction  查询参数：=====CustCompanyDto [custCode=, localName=null, unitType=, socialCreditId=, businessLicense=, startCreateTime=, endCreateTime=2017-01-10 23:59:59, status=] 
[INFO ] 2017-01-10 15:03:01,282 com.ibs.core.module.customer.action.CustCompanyManagerAction.setQueryCondition(CustCompanyManagerAction.java:431) >>> CustCompanyManagerAction  查询参数：=====CustCompanyDto [custCode=, localName=null, unitType=, socialCreditId=, businessLicense=, startCreateTime=2017-01-01 15:02:45, endCreateTime=2017-01-10 23:59:59, status=] 
[INFO ] 2017-01-10 15:03:31,916 com.ibs.core.module.customer.action.CustCompanyManagerAction.setQueryCondition(CustCompanyManagerAction.java:431) >>> CustCompanyManagerAction  查询参数：=====CustCompanyDto [custCode=, localName=null, unitType=, socialCreditId=, businessLicense=, startCreateTime=2017-01-01 15:02:45, endCreateTime=2017-01-10 23:59:59, status=03] 
[INFO ] 2017-01-10 15:03:35,399 com.ibs.core.module.customer.action.CustCompanyManagerAction.getDictRenders(CustCompanyManagerAction.java:334) >>> getDictRenders() HHHHHHHHHHHH---已经加载过数据字典 
[INFO ] 2017-01-10 15:03:36,056 com.ibs.core.module.customer.action.CustCompanyManagerAction.create(CustCompanyManagerAction.java:447) >>> create() this.getOperaType()3custCompanyDto=CustCompanyDto [custCode=C2017010710030, localName=一点点, unitType=01, socialCreditId=null, businessLicense=22221212121, startCreateTime=null, endCreateTime=null, status=03] 
[INFO ] 2017-01-10 15:03:37,652 com.ibs.core.module.customer.action.CustCompanyManagerAction.getAreasInfo(CustCompanyManagerAction.java:496) >>> entering action::CustCompanyManagerAction.getAreasInfo() ---- Code = 672 
[INFO ] 2017-01-10 15:03:38,403 com.ibs.core.module.customer.action.CustCompanyManagerAction.getAreasInfo(CustCompanyManagerAction.java:496) >>> entering action::CustCompanyManagerAction.getAreasInfo() ---- Code = 110000 
[INFO ] 2017-01-10 15:14:57,026 com.ibs.core.module.customer.action.CustCompanyManagerAction.getDictRenders(CustCompanyManagerAction.java:334) >>> getDictRenders() HHHHHHHHHHHH---已经加载过数据字典 
[INFO ] 2017-01-10 15:15:07,478 com.ibs.core.module.customer.action.CustCompanyManagerAction.getDictRenders(CustCompanyManagerAction.java:334) >>> getDictRenders() HHHHHHHHHHHH---已经加载过数据字典 
[INFO ] 2017-01-10 15:15:46,895 com.ibs.core.module.customer.action.CustCompanyManagerAction.setQueryCondition(CustCompanyManagerAction.java:431) >>> CustCompanyManagerAction  查询参数：=====CustCompanyDto [custCode=, localName=null, unitType=, socialCreditId=, businessLicense=, startCreateTime=2017-01-10 00:00:00, endCreateTime=2017-01-10 23:59:59, status=] 
[INFO ] 2017-01-10 15:15:53,632 com.ibs.core.module.customer.action.CustCompanyManagerAction.getDictRenders(CustCompanyManagerAction.java:334) >>> getDictRenders() HHHHHHHHHHHH---已经加载过数据字典 
[INFO ] 2017-01-10 15:15:54,344 com.ibs.core.module.customer.action.CustCompanyManagerAction.create(CustCompanyManagerAction.java:447) >>> create() this.getOperaType()1custCompanyDto=CustCompanyDto [custCode=C2017011010052, localName=108, unitType=03, socialCreditId=108, businessLicense=null, startCreateTime=null, endCreateTime=null, status=01] 
[INFO ] 2017-01-10 15:15:54,668 com.ibs.core.module.customer.action.CustCompanyManagerAction.getAreasInfo(CustCompanyManagerAction.java:496) >>> entering action::CustCompanyManagerAction.getAreasInfo() ---- Code = 672 
[INFO ] 2017-01-10 15:15:55,377 com.ibs.core.module.customer.action.CustCompanyManagerAction.getAreasInfo(CustCompanyManagerAction.java:496) >>> entering action::CustCompanyManagerAction.getAreasInfo() ---- Code = 120000 
[INFO ] 2017-01-10 15:16:28,531 com.ibs.core.module.customer.action.CustCompanyManagerAction.setQueryCondition(CustCompanyManagerAction.java:431) >>> CustCompanyManagerAction  查询参数：=====CustCompanyDto [custCode=, localName=null, unitType=, socialCreditId=, businessLicense=, startCreateTime=, endCreateTime=2017-01-10 23:59:59, status=] 
[INFO ] 2017-01-10 15:17:21,585 com.ibs.core.module.customer.action.CustCompanyManagerAction.setQueryCondition(CustCompanyManagerAction.java:431) >>> CustCompanyManagerAction  查询参数：=====CustCompanyDto [custCode=, localName=null, unitType=, socialCreditId=, businessLicense=, startCreateTime=, endCreateTime=2017-01-10 23:59:59, status=] 
[INFO ] 2017-01-10 15:19:19,434 com.ibs.core.module.customer.action.CustCompanyManagerAction.getDictRenders(CustCompanyManagerAction.java:334) >>> getDictRenders() HHHHHHHHHHHH---已经加载过数据字典 
[INFO ] 2017-01-10 15:19:20,149 com.ibs.core.module.customer.action.CustCompanyManagerAction.getDictRenders(CustCompanyManagerAction.java:334) >>> getDictRenders() HHHHHHHHHHHH---已经加载过数据字典 
[INFO ] 2017-01-10 15:19:25,141 com.ibs.core.module.customer.action.CustCompanyManagerAction.setQueryCondition(CustCompanyManagerAction.java:432) >>> CustCompanyManagerAction  查询参数：=====CustCompanyDto [custCode=, localName=null, unitType=, socialCreditId=, businessLicense=, startCreateTime=, endCreateTime=2017-01-10 23:59:59, status=] 
[INFO ] 2017-01-10 15:19:54,943 com.ibs.core.module.customer.action.CustCompanyManagerAction.getDictRenders(CustCompanyManagerAction.java:334) >>> getDictRenders() HHHHHHHHHHHH---已经加载过数据字典 
[INFO ] 2017-01-10 15:19:59,628 com.ibs.core.module.customer.action.CustCompanyManagerAction.create(CustCompanyManagerAction.java:448) >>> create() this.getOperaType()3custCompanyDto=CustCompanyDto [custCode=C2017010710030, localName=一点点, unitType=01, socialCreditId=null, businessLicense=22221212121, startCreateTime=null, endCreateTime=null, status=03] 
[INFO ] 2017-01-10 15:20:00,131 com.ibs.core.module.customer.action.CustCompanyManagerAction.getAreasInfo(CustCompanyManagerAction.java:497) >>> entering action::CustCompanyManagerAction.getAreasInfo() ---- Code = 672 
[INFO ] 2017-01-10 15:20:01,397 com.ibs.core.module.customer.action.CustCompanyManagerAction.getAreasInfo(CustCompanyManagerAction.java:497) >>> entering action::CustCompanyManagerAction.getAreasInfo() ---- Code = 110000 
[INFO ] 2017-01-10 15:20:30,465 com.ibs.core.module.customer.action.CustCompanyManagerAction.getDictRenders(CustCompanyManagerAction.java:334) >>> getDictRenders() HHHHHHHHHHHH---已经加载过数据字典 
[INFO ] 2017-01-10 15:20:46,493 com.ibs.core.module.customer.dao.impl.CustDaoImpl.saveOrUpdate(CustDaoImpl.java:43) >>> entering dao::CustDaoImpl.saveOrUpdate()... 
[INFO ] 2017-01-10 15:20:46,507 com.ibs.core.module.customer.action.CustCompanyManagerAction.create(CustCompanyManagerAction.java:448) >>> create() this.getOperaType()3custCompanyDto=CustCompanyDto [custCode=C2017010710030, localName=一点点, unitType=01, socialCreditId=null, businessLicense=22221212121, startCreateTime=null, endCreateTime=null, status=03] 
[INFO ] 2017-01-10 15:20:46,841 com.ibs.core.module.customer.action.CustCompanyManagerAction.getAreasInfo(CustCompanyManagerAction.java:497) >>> entering action::CustCompanyManagerAction.getAreasInfo() ---- Code = 672 
[INFO ] 2017-01-10 15:20:47,934 com.ibs.core.module.customer.action.CustCompanyManagerAction.getAreasInfo(CustCompanyManagerAction.java:497) >>> entering action::CustCompanyManagerAction.getAreasInfo() ---- Code = 110000 
[INFO ] 2017-01-10 15:20:48,137 com.ibs.core.module.customer.action.CustCompanyManagerAction.setQueryCondition(CustCompanyManagerAction.java:432) >>> CustCompanyManagerAction  查询参数：=====CustCompanyDto [custCode=, localName=null, unitType=, socialCreditId=, businessLicense=, startCreateTime=, endCreateTime=2017-01-10 23:59:59, status=] 
[INFO ] 2017-01-10 15:21:40,740 com.ibs.core.module.customer.action.CorMertRateManagerAction.list(CorMertRateManagerAction.java:226) >>> entering action::CorMertRateManagerAction.list()... 
[WARN ] 2017-01-10 15:21:42,451 com.ibs.core.module.mdmbasedata.service.impl.DataDictServiceImpl.getDataDictCached(DataDictServiceImpl.java:189) >>> can not get DataDict Cache from CacheManager 
[WARN ] 2017-01-10 15:21:43,588 com.ibs.core.module.mdmbasedata.service.impl.DataDictServiceImpl.getDataDictCached(DataDictServiceImpl.java:189) >>> can not get DataDict Cache from CacheManager 
[WARN ] 2017-01-10 15:21:44,322 com.ibs.core.module.mdmbasedata.service.impl.DataDictServiceImpl.getDataDictCached(DataDictServiceImpl.java:189) >>> can not get DataDict Cache from CacheManager 
[INFO ] 2017-01-10 15:21:47,298 com.ibs.core.module.customer.action.CorMertRateManagerAction.list(CorMertRateManagerAction.java:226) >>> entering action::CorMertRateManagerAction.list()... 
[INFO ] 2017-01-10 15:21:51,346 com.ibs.core.module.customer.action.CorMertRateManagerAction.getDictRenders(CorMertRateManagerAction.java:202) >>> getDictRenders() HHHHHHHHHHHH---已经加载过数据字典 
[INFO ] 2017-01-10 15:22:02,115 com.ibs.core.module.customer.action.CorMertRateManagerAction.search(CorMertRateManagerAction.java:237) >>> entering action::CorMertRateManagerAction.search()... 
[INFO ] 2017-01-10 15:22:02,116 com.ibs.core.module.customer.action.CorMertRateManagerAction.setQueryCondition(CorMertRateManagerAction.java:258) >>> entering action::CorMertRateManagerAction.setQueryCondition()... 
[INFO ] 2017-01-10 15:22:10,378 com.ibs.core.module.customer.action.CorMertRateManagerAction.create(CorMertRateManagerAction.java:279) >>> entering action::CorMertRateManagerAction.create()... 
[INFO ] 2017-01-10 15:22:10,906 com.ibs.core.module.customer.action.CorMertRateManagerAction.getDictRenders(CorMertRateManagerAction.java:202) >>> getDictRenders() HHHHHHHHHHHH---已经加载过数据字典 
[INFO ] 2017-01-10 15:22:26,523 com.ibs.core.module.customer.action.CorMertRateManagerAction.saveOrUpdate(CorMertRateManagerAction.java:298) >>> entering action::CorMertRateManagerAction.saveOrUpdate()... 
[INFO ] 2017-01-10 15:22:26,524 com.ibs.core.module.customer.dao.impl.CorMertRateDaoImpl.load(CorMertRateDaoImpl.java:34) >>> entering action::CorMertRateDaoImpl.load()... 
[INFO ] 2017-01-10 15:22:26,789 com.ibs.core.module.customer.dao.impl.CorMertRateDaoImpl.saveOrUpdate(CorMertRateDaoImpl.java:39) >>> entering action::CorMertRateDaoImpl.saveOrUpdate()... 
[INFO ] 2017-01-10 15:22:27,818 com.ibs.core.module.customer.action.CorMertRateManagerAction.search(CorMertRateManagerAction.java:237) >>> entering action::CorMertRateManagerAction.search()... 
[INFO ] 2017-01-10 15:22:27,819 com.ibs.core.module.customer.action.CorMertRateManagerAction.setQueryCondition(CorMertRateManagerAction.java:258) >>> entering action::CorMertRateManagerAction.setQueryCondition()... 
